2026-04-10 18:26:51,201 INFO: E-Commerce API Startup! 🚀 [in C:\Users\ASUS\OneDrive\Desktop\Technotery\Cookies\Rotation_token_e-commerce_project\shop\__init__.py:29]
2026-04-10 18:26:58,950 INFO: E-Commerce API Startup! 🚀 [in C:\Users\ASUS\OneDrive\Desktop\Technotery\Cookies\Rotation_token_e-commerce_project\shop\__init__.py:29]
2026-04-10 18:26:59,879 INFO: E-Commerce API Startup! 🚀 [in C:\Users\ASUS\OneDrive\Desktop\Technotery\Cookies\Rotation_token_e-commerce_project\shop\__init__.py:29]
2026-04-10 18:30:53,688 ERROR: Delete Account Error: Missing CSRF token [in C:\Users\ASUS\OneDrive\Desktop\Technotery\Cookies\Rotation_token_e-commerce_project\shop\auth\api\profile_delete.py:27]
2026-04-10 18:31:28,604 ERROR: Delete Account Error: Missing CSRF token [in C:\Users\ASUS\OneDrive\Desktop\Technotery\Cookies\Rotation_token_e-commerce_project\shop\auth\api\profile_delete.py:27]
2026-04-10 18:35:07,724 INFO: User Soft Deleted: ravibandhiya7899@gmail.com [in C:\Users\ASUS\OneDrive\Desktop\Technotery\Cookies\Rotation_token_e-commerce_project\shop\auth\api\profile_delete.py:21]
2026-04-10 18:42:55,229 INFO: E-Commerce API Startup! 🚀 [in C:\Users\ASUS\OneDrive\Desktop\Technotery\Cookies\Rotation_token_e-commerce_project\shop\__init__.py:29]
2026-04-10 18:50:39,120 INFO: E-Commerce API Startup! 🚀 [in C:\Users\ASUS\OneDrive\Desktop\Technotery\Cookies\Rotation_token_e-commerce_project\shop\__init__.py:29]
2026-04-10 18:50:40,181 INFO: E-Commerce API Startup! 🚀 [in C:\Users\ASUS\OneDrive\Desktop\Technotery\Cookies\Rotation_token_e-commerce_project\shop\__init__.py:29]
2026-04-10 18:54:15,288 INFO: E-Commerce API Startup! 🚀 [in C:\Users\ASUS\OneDrive\Desktop\Technotery\Cookies\Rotation_token_e-commerce_project\shop\__init__.py:29]
2026-04-10 18:54:16,340 INFO: E-Commerce API Startup! 🚀 [in C:\Users\ASUS\OneDrive\Desktop\Technotery\Cookies\Rotation_token_e-commerce_project\shop\__init__.py:29]
2026-04-10 18:57:48,674 INFO: E-Commerce API Startup! 🚀 [in C:\Users\ASUS\OneDrive\Desktop\Technotery\Cookies\Rotation_token_e-commerce_project\shop\__init__.py:29]
2026-04-10 18:57:52,077 INFO: E-Commerce API Startup! 🚀 [in C:\Users\ASUS\OneDrive\Desktop\Technotery\Cookies\Rotation_token_e-commerce_project\shop\__init__.py:29]
2026-04-11 10:15:32,767 INFO: E-Commerce API Startup! 🚀 [in C:\Users\ASUS\OneDrive\Desktop\Technotery\Cookies\Rotation_token_e-commerce_project\shop\__init__.py:29]
2026-04-11 10:15:33,988 INFO: E-Commerce API Startup! 🚀 [in C:\Users\ASUS\OneDrive\Desktop\Technotery\Cookies\Rotation_token_e-commerce_project\shop\__init__.py:29]
2026-04-11 10:20:45,649 INFO: Seller hardikbandhiya2004@gmail.com Blocked by Admin. [in C:\Users\ASUS\OneDrive\Desktop\Technotery\Cookies\Rotation_token_e-commerce_project\shop\admin\api\manage_seller.py:22]
2026-04-11 10:20:55,262 INFO: Seller hardikbandhiya2004@gmail.com Activated by Admin. [in C:\Users\ASUS\OneDrive\Desktop\Technotery\Cookies\Rotation_token_e-commerce_project\shop\admin\api\manage_seller.py:22]
2026-04-11 10:20:58,551 INFO: Seller hardikbandhiya2004@gmail.com Blocked by Admin. [in C:\Users\ASUS\OneDrive\Desktop\Technotery\Cookies\Rotation_token_e-commerce_project\shop\admin\api\manage_seller.py:22]
2026-04-11 10:21:05,705 INFO: Seller hardikbandhiya2004@gmail.com Activated by Admin. [in C:\Users\ASUS\OneDrive\Desktop\Technotery\Cookies\Rotation_token_e-commerce_project\shop\admin\api\manage_seller.py:22]
2026-04-11 10:25:47,933 INFO: E-Commerce API Startup! 🚀 [in C:\Users\ASUS\OneDrive\Desktop\Technotery\Cookies\Rotation_token_e-commerce_project\shop\__init__.py:29]
2026-04-11 10:41:41,098 INFO: E-Commerce API Startup! 🚀 [in C:\Users\ASUS\OneDrive\Desktop\Technotery\Cookies\Rotation_token_e-commerce_project\shop\__init__.py:29]
2026-04-11 10:41:43,522 INFO: E-Commerce API Startup! 🚀 [in C:\Users\ASUS\OneDrive\Desktop\Technotery\Cookies\Rotation_token_e-commerce_project\shop\__init__.py:29]
2026-04-11 10:42:34,975 INFO: Order 72035299-a38f-46c6-85f7-c1bc2179371e updated to shipped. Email sent to ravibandhiya7899@gmail.com [in C:\Users\ASUS\OneDrive\Desktop\Technotery\Cookies\Rotation_token_e-commerce_project\shop\seller\api\order_status.py:37]
2026-04-11 10:46:12,960 INFO: E-Commerce API Startup! 🚀 [in C:\Users\ASUS\OneDrive\Desktop\Technotery\Cookies\Rotation_token_e-commerce_project\shop\__init__.py:29]
2026-04-11 10:49:36,687 INFO: E-Commerce API Startup! 🚀 [in C:\Users\ASUS\OneDrive\Desktop\Technotery\Cookies\Rotation_token_e-commerce_project\shop\__init__.py:29]
2026-04-11 10:57:48,230 INFO: E-Commerce API Startup! 🚀 [in C:\Users\ASUS\OneDrive\Desktop\Technotery\Cookies\Rotation_token_e-commerce_project\shop\__init__.py:29]
2026-04-11 11:11:09,665 INFO: E-Commerce API Startup! 🚀 [in C:\Users\ASUS\OneDrive\Desktop\Technotery\Cookies\Rotation_token_e-commerce_project\shop\__init__.py:29]
2026-04-11 11:11:10,635 INFO: E-Commerce API Startup! 🚀 [in C:\Users\ASUS\OneDrive\Desktop\Technotery\Cookies\Rotation_token_e-commerce_project\shop\__init__.py:29]
2026-04-11 11:13:34,306 ERROR: Order Update Error: Signature has expired [in C:\Users\ASUS\OneDrive\Desktop\Technotery\Cookies\Rotation_token_e-commerce_project\shop\seller\api\order_status.py:43]
2026-04-11 11:14:30,691 INFO: Order 514b20af-d8e8-4321-9c8f-e839725b7440 updated to shipped. Email sent to ravibandhiya7899@gmail.com [in C:\Users\ASUS\OneDrive\Desktop\Technotery\Cookies\Rotation_token_e-commerce_project\shop\seller\api\order_status.py:37]
2026-04-11 11:15:45,167 INFO: E-Commerce API Startup! 🚀 [in C:\Users\ASUS\OneDrive\Desktop\Technotery\Cookies\Rotation_token_e-commerce_project\shop\__init__.py:29]
2026-04-11 11:25:10,292 INFO: E-Commerce API Startup! 🚀 [in C:\Users\ASUS\OneDrive\Desktop\Technotery\Cookies\Rotation_token_e-commerce_project\shop\__init__.py:29]
2026-04-11 11:25:11,198 INFO: E-Commerce API Startup! 🚀 [in C:\Users\ASUS\OneDrive\Desktop\Technotery\Cookies\Rotation_token_e-commerce_project\shop\__init__.py:29]
2026-04-11 11:29:50,649 INFO: E-Commerce API Startup! 🚀 [in C:\Users\ASUS\OneDrive\Desktop\Technotery\Cookies\Rotation_token_e-commerce_project\shop\__init__.py:29]
2026-04-11 11:29:52,901 INFO: E-Commerce API Startup! 🚀 [in C:\Users\ASUS\OneDrive\Desktop\Technotery\Cookies\Rotation_token_e-commerce_project\shop\__init__.py:29]
2026-04-11 11:29:58,153 INFO: E-Commerce API Startup! 🚀 [in C:\Users\ASUS\OneDrive\Desktop\Technotery\Cookies\Rotation_token_e-commerce_project\shop\__init__.py:29]
2026-04-11 11:30:13,787 INFO: E-Commerce API Startup! 🚀 [in C:\Users\ASUS\OneDrive\Desktop\Technotery\Cookies\Rotation_token_e-commerce_project\shop\__init__.py:29]
2026-04-11 11:30:53,605 INFO: E-Commerce API Startup! 🚀 [in C:\Users\ASUS\OneDrive\Desktop\Technotery\Cookies\Rotation_token_e-commerce_project\shop\__init__.py:29]
2026-04-11 11:31:14,360 INFO: E-Commerce API Startup! 🚀 [in C:\Users\ASUS\OneDrive\Desktop\Technotery\Cookies\Rotation_token_e-commerce_project\shop\__init__.py:29]
2026-04-11 11:31:54,069 INFO: E-Commerce API Startup! 🚀 [in C:\Users\ASUS\OneDrive\Desktop\Technotery\Cookies\Rotation_token_e-commerce_project\shop\__init__.py:29]
2026-04-11 11:32:04,570 INFO: E-Commerce API Startup! 🚀 [in C:\Users\ASUS\OneDrive\Desktop\Technotery\Cookies\Rotation_token_e-commerce_project\shop\__init__.py:29]
2026-04-11 11:32:17,940 INFO: E-Commerce API Startup! 🚀 [in C:\Users\ASUS\OneDrive\Desktop\Technotery\Cookies\Rotation_token_e-commerce_project\shop\__init__.py:29]
2026-04-11 11:32:35,361 INFO: E-Commerce API Startup! 🚀 [in C:\Users\ASUS\OneDrive\Desktop\Technotery\Cookies\Rotation_token_e-commerce_project\shop\__init__.py:29]
2026-04-11 11:33:28,344 INFO: E-Commerce API Startup! 🚀 [in C:\Users\ASUS\OneDrive\Desktop\Technotery\Cookies\Rotation_token_e-commerce_project\shop\__init__.py:29]
2026-04-11 11:33:29,277 INFO: E-Commerce API Startup! 🚀 [in C:\Users\ASUS\OneDrive\Desktop\Technotery\Cookies\Rotation_token_e-commerce_project\shop\__init__.py:29]
2026-04-11 11:34:27,149 INFO: E-Commerce API Startup! 🚀 [in C:\Users\ASUS\OneDrive\Desktop\Technotery\Cookies\Rotation_token_e-commerce_project\shop\__init__.py:29]
2026-04-11 11:44:09,605 INFO: E-Commerce API Startup! 🚀 [in C:\Users\ASUS\OneDrive\Desktop\Technotery\Cookies\Rotation_token_e-commerce_project\shop\__init__.py:29]
2026-04-11 11:44:10,695 INFO: E-Commerce API Startup! 🚀 [in C:\Users\ASUS\OneDrive\Desktop\Technotery\Cookies\Rotation_token_e-commerce_project\shop\__init__.py:29]
2026-04-11 11:59:49,141 INFO: E-Commerce API Startup! 🚀 [in C:\Users\ASUS\OneDrive\Desktop\Technotery\Cookies\Rotation_token_e-commerce_project\shop\__init__.py:29]
2026-04-11 11:59:51,437 INFO: E-Commerce API Startup! 🚀 [in C:\Users\ASUS\OneDrive\Desktop\Technotery\Cookies\Rotation_token_e-commerce_project\shop\__init__.py:29]
2026-04-11 12:04:26,603 INFO: E-Commerce API Startup! 🚀 [in C:\Users\ASUS\OneDrive\Desktop\Technotery\Cookies\Rotation_token_e-commerce_project\shop\__init__.py:29]
2026-04-11 12:11:17,768 INFO: E-Commerce API Startup! 🚀 [in C:\Users\ASUS\OneDrive\Desktop\Technotery\Cookies\Rotation_token_e-commerce_project\shop\__init__.py:29]
2026-04-11 12:11:22,059 INFO: E-Commerce API Startup! 🚀 [in C:\Users\ASUS\OneDrive\Desktop\Technotery\Cookies\Rotation_token_e-commerce_project\shop\__init__.py:29]
2026-04-11 12:11:23,069 INFO: E-Commerce API Startup! 🚀 [in C:\Users\ASUS\OneDrive\Desktop\Technotery\Cookies\Rotation_token_e-commerce_project\shop\__init__.py:29]
2026-04-11 12:12:50,355 INFO: E-Commerce API Startup! 🚀 [in C:\Users\ASUS\OneDrive\Desktop\Technotery\Cookies\Rotation_token_e-commerce_project\shop\__init__.py:29]
2026-04-11 12:13:44,547 INFO: E-Commerce API Startup! 🚀 [in C:\Users\ASUS\OneDrive\Desktop\Technotery\Cookies\Rotation_token_e-commerce_project\shop\__init__.py:29]
2026-04-11 12:13:45,464 INFO: E-Commerce API Startup! 🚀 [in C:\Users\ASUS\OneDrive\Desktop\Technotery\Cookies\Rotation_token_e-commerce_project\shop\__init__.py:29]
2026-04-11 12:27:56,533 INFO: E-Commerce API Startup! 🚀 [in C:\Users\ASUS\OneDrive\Desktop\Technotery\Cookies\Rotation_token_e-commerce_project\shop\__init__.py:29]
2026-04-11 12:29:20,431 ERROR: Checkout Failed: Amount exceeds maximum amount allowed. [in C:\Users\ASUS\OneDrive\Desktop\Technotery\Cookies\Rotation_token_e-commerce_project\shop\user\api\checkout.py:131]
2026-04-11 12:31:51,269 INFO: E-Commerce API Startup! 🚀 [in C:\Users\ASUS\OneDrive\Desktop\Technotery\Cookies\Rotation_token_e-commerce_project\shop\__init__.py:29]
2026-04-11 12:32:25,500 INFO: E-Commerce API Startup! 🚀 [in C:\Users\ASUS\OneDrive\Desktop\Technotery\Cookies\Rotation_token_e-commerce_project\shop\__init__.py:29]
2026-04-11 12:33:10,692 INFO: E-Commerce API Startup! 🚀 [in C:\Users\ASUS\OneDrive\Desktop\Technotery\Cookies\Rotation_token_e-commerce_project\shop\__init__.py:29]
2026-04-11 12:33:17,474 INFO: E-Commerce API Startup! 🚀 [in C:\Users\ASUS\OneDrive\Desktop\Technotery\Cookies\Rotation_token_e-commerce_project\shop\__init__.py:29]
2026-04-11 12:35:42,938 INFO: E-Commerce API Startup! 🚀 [in C:\Users\ASUS\OneDrive\Desktop\Technotery\Cookies\Rotation_token_e-commerce_project\shop\__init__.py:29]
2026-04-11 12:35:43,995 INFO: E-Commerce API Startup! 🚀 [in C:\Users\ASUS\OneDrive\Desktop\Technotery\Cookies\Rotation_token_e-commerce_project\shop\__init__.py:29]
2026-04-11 12:36:55,485 INFO: E-Commerce API Startup! 🚀 [in C:\Users\ASUS\OneDrive\Desktop\Technotery\Cookies\Rotation_token_e-commerce_project\shop\__init__.py:29]
